<?xml version="1.0" encoding="UTF-8"?>
<!-- Generated by org.testng.reporters.JUnitReportReporter -->
<testsuite hostname="DESKTOP-6AVT452" failures="0" tests="1" name="testCases.AccountRegistrationTest" time="22.300" errors="0" timestamp="2024-09-11T19:10:09 IST" skipped="0">
  <testcase classname="testCases.AccountRegistrationTest" name="verify_account_registration" time="22.300"/>
</testsuite> <!-- testCases.AccountRegistrationTest -->
