<?xml version="1.0" encoding="UTF-8"?>
<!-- Generated by org.testng.reporters.JUnitReportReporter -->
<testsuite hostname="DESKTOP-6AVT452" failures="0" tests="1" name="testCases.TC002_Logintest" time="21.577" errors="0" timestamp="2024-09-14T14:51:52 IST" skipped="0">
  <testcase classname="testCases.TC002_Logintest" name="verify_Login" time="21.577"/>
</testsuite> <!-- testCases.TC002_Logintest -->
