<?xml version="1.0" encoding="UTF-8"?>
<!-- Generated by org.testng.reporters.JUnitReportReporter -->
<testsuite hostname="DESKTOP-6AVT452" failures="0" tests="1" name="testCases.TC001_AccountRegistrationTest" time="21.841" errors="0" timestamp="2024-09-14T17:59:20 IST" skipped="0">
  <testcase classname="testCases.TC001_AccountRegistrationTest" name="verify_account_registration" time="21.841"/>
</testsuite> <!-- testCases.TC001_AccountRegistrationTest -->
